{
  "/Users/abhishekwagh/Desktop/KonfHub-Projects/talent-board-be/TalentBoard/industries.js": {
    "path": "/Users/abhishekwagh/Desktop/KonfHub-Projects/talent-board-be/TalentBoard/industries.js",
    "statementMap": {
      "0": {
        "start": { "line": 1, "column": 19 },
        "end": { "line": 149, "column": 1 }
      },
      "1": {
        "start": { "line": 151, "column": 0 },
        "end": { "line": 153, "column": 2 }
      }
    },
    "fnMap": {},
    "branchMap": {},
    "s": { "0": 1, "1": 1 },
    "f": {},
    "b": {},
    "_coverageSchema": "43e27e138ebf9cfc5966b082cf9a028302ed4184",
    "hash": "fdfe13843b5a15a73d3cd1144026fb4363ae419e"
  },
  "/Users/abhishekwagh/Desktop/KonfHub-Projects/talent-board-be/TalentBoard/talentBoard-helpers.js": {
    "path": "/Users/abhishekwagh/Desktop/KonfHub-Projects/talent-board-be/TalentBoard/talentBoard-helpers.js",
    "statementMap": {
      "0": {
        "start": { "line": 5, "column": 4 },
        "end": { "line": 5, "column": 38 }
      },
      "1": {
        "start": { "line": 8, "column": 22 },
        "end": { "line": 17, "column": 1 }
      },
      "2": {
        "start": { "line": 9, "column": 20 },
        "end": { "line": 13, "column": 4 }
      },
      "3": {
        "start": { "line": 14, "column": 2 },
        "end": { "line": 16, "column": 4 }
      },
      "4": {
        "start": { "line": 15, "column": 4 },
        "end": { "line": 15, "column": 39 }
      },
      "5": {
        "start": { "line": 15, "column": 27 },
        "end": { "line": 15, "column": 38 }
      },
      "6": {
        "start": { "line": 20, "column": 26 },
        "end": { "line": 29, "column": 1 }
      },
      "7": {
        "start": { "line": 21, "column": 24 },
        "end": { "line": 25, "column": 4 }
      },
      "8": {
        "start": { "line": 26, "column": 2 },
        "end": { "line": 28, "column": 4 }
      },
      "9": {
        "start": { "line": 27, "column": 4 },
        "end": { "line": 27, "column": 47 }
      },
      "10": {
        "start": { "line": 27, "column": 29 },
        "end": { "line": 27, "column": 46 }
      },
      "11": {
        "start": { "line": 35, "column": 24 },
        "end": { "line": 44, "column": 1 }
      },
      "12": {
        "start": { "line": 36, "column": 22 },
        "end": { "line": 39, "column": 4 }
      },
      "13": {
        "start": { "line": 40, "column": 2 },
        "end": { "line": 43, "column": 4 }
      },
      "14": {
        "start": { "line": 42, "column": 4 },
        "end": { "line": 42, "column": 76 }
      },
      "15": {
        "start": { "line": 42, "column": 42 },
        "end": { "line": 42, "column": 66 }
      },
      "16": {
        "start": { "line": 46, "column": 0 },
        "end": { "line": 50, "column": 2 }
      }
    },
    "fnMap": {
      "0": {
        "name": "(anonymous_0)",
        "decl": {
          "start": { "line": 8, "column": 22 },
          "end": { "line": 8, "column": 23 }
        },
        "loc": {
          "start": { "line": 8, "column": 28 },
          "end": { "line": 17, "column": 1 }
        },
        "line": 8
      },
      "1": {
        "name": "(anonymous_1)",
        "decl": {
          "start": { "line": 14, "column": 38 },
          "end": { "line": 14, "column": 39 }
        },
        "loc": {
          "start": { "line": 15, "column": 4 },
          "end": { "line": 15, "column": 39 }
        },
        "line": 15
      },
      "2": {
        "name": "(anonymous_2)",
        "decl": {
          "start": { "line": 15, "column": 17 },
          "end": { "line": 15, "column": 18 }
        },
        "loc": {
          "start": { "line": 15, "column": 27 },
          "end": { "line": 15, "column": 38 }
        },
        "line": 15
      },
      "3": {
        "name": "(anonymous_3)",
        "decl": {
          "start": { "line": 20, "column": 26 },
          "end": { "line": 20, "column": 27 }
        },
        "loc": {
          "start": { "line": 20, "column": 32 },
          "end": { "line": 29, "column": 1 }
        },
        "line": 20
      },
      "4": {
        "name": "(anonymous_4)",
        "decl": {
          "start": { "line": 26, "column": 42 },
          "end": { "line": 26, "column": 43 }
        },
        "loc": {
          "start": { "line": 27, "column": 4 },
          "end": { "line": 27, "column": 47 }
        },
        "line": 27
      },
      "5": {
        "name": "(anonymous_5)",
        "decl": {
          "start": { "line": 27, "column": 17 },
          "end": { "line": 27, "column": 18 }
        },
        "loc": {
          "start": { "line": 27, "column": 29 },
          "end": { "line": 27, "column": 46 }
        },
        "line": 27
      },
      "6": {
        "name": "(anonymous_6)",
        "decl": {
          "start": { "line": 35, "column": 24 },
          "end": { "line": 35, "column": 25 }
        },
        "loc": {
          "start": { "line": 35, "column": 30 },
          "end": { "line": 44, "column": 1 }
        },
        "line": 35
      },
      "7": {
        "name": "(anonymous_7)",
        "decl": {
          "start": { "line": 40, "column": 40 },
          "end": { "line": 40, "column": 41 }
        },
        "loc": {
          "start": { "line": 42, "column": 4 },
          "end": { "line": 42, "column": 76 }
        },
        "line": 42
      },
      "8": {
        "name": "(anonymous_8)",
        "decl": {
          "start": { "line": 42, "column": 33 },
          "end": { "line": 42, "column": 34 }
        },
        "loc": {
          "start": { "line": 42, "column": 42 },
          "end": { "line": 42, "column": 66 }
        },
        "line": 42
      }
    },
    "branchMap": {},
    "s": {
      "0": 1,
      "1": 1,
      "2": 1,
      "3": 1,
      "4": 1,
      "5": 10,
      "6": 1,
      "7": 1,
      "8": 1,
      "9": 1,
      "10": 16,
      "11": 1,
      "12": 1,
      "13": 1,
      "14": 1,
      "15": 181,
      "16": 1
    },
    "f": {
      "0": 1,
      "1": 1,
      "2": 10,
      "3": 1,
      "4": 1,
      "5": 16,
      "6": 1,
      "7": 1,
      "8": 181
    },
    "b": {},
    "_coverageSchema": "43e27e138ebf9cfc5966b082cf9a028302ed4184",
    "hash": "e1b56e20cfb4a4b46bea034007d2bd0d262b0a06"
  },
  "/Users/abhishekwagh/Desktop/KonfHub-Projects/talent-board-be/TalentBoard/talentBoard-validations.js": {
    "path": "/Users/abhishekwagh/Desktop/KonfHub-Projects/talent-board-be/TalentBoard/talentBoard-validations.js",
    "statementMap": {
      "0": {
        "start": { "line": 1, "column": 23 },
        "end": { "line": 1, "column": 46 }
      },
      "1": {
        "start": { "line": 3, "column": 29 },
        "end": { "line": 42, "column": 1 }
      },
      "2": {
        "start": { "line": 4, "column": 17 },
        "end": { "line": 4, "column": 19 }
      },
      "3": {
        "start": { "line": 5, "column": 35 },
        "end": { "line": 17, "column": 3 }
      },
      "4": {
        "start": { "line": 18, "column": 50 },
        "end": { "line": 27, "column": 5 }
      },
      "5": {
        "start": { "line": 22, "column": 4 },
        "end": { "line": 27, "column": 5 }
      },
      "6": {
        "start": { "line": 24, "column": 8 },
        "end": { "line": 26, "column": 29 }
      },
      "7": {
        "start": { "line": 28, "column": 28 },
        "end": { "line": 31, "column": 3 }
      },
      "8": {
        "start": { "line": 33, "column": 2 },
        "end": { "line": 36, "column": 6 }
      },
      "9": {
        "start": { "line": 34, "column": 4 },
        "end": { "line": 36, "column": 6 }
      },
      "10": {
        "start": { "line": 38, "column": 2 },
        "end": { "line": 39, "column": 45 }
      },
      "11": {
        "start": { "line": 39, "column": 4 },
        "end": { "line": 39, "column": 45 }
      },
      "12": {
        "start": { "line": 41, "column": 2 },
        "end": { "line": 41, "column": 16 }
      },
      "13": {
        "start": { "line": 44, "column": 0 },
        "end": { "line": 46, "column": 2 }
      }
    },
    "fnMap": {
      "0": {
        "name": "(anonymous_0)",
        "decl": {
          "start": { "line": 3, "column": 29 },
          "end": { "line": 3, "column": 30 }
        },
        "loc": {
          "start": { "line": 3, "column": 37 },
          "end": { "line": 42, "column": 1 }
        },
        "line": 3
      },
      "1": {
        "name": "(anonymous_1)",
        "decl": {
          "start": { "line": 18, "column": 50 },
          "end": { "line": 18, "column": 51 }
        },
        "loc": {
          "start": { "line": 22, "column": 4 },
          "end": { "line": 27, "column": 5 }
        },
        "line": 22
      },
      "2": {
        "name": "(anonymous_2)",
        "decl": {
          "start": { "line": 23, "column": 6 },
          "end": { "line": 23, "column": 7 }
        },
        "loc": {
          "start": { "line": 24, "column": 8 },
          "end": { "line": 26, "column": 29 }
        },
        "line": 24
      }
    },
    "branchMap": {
      "0": {
        "loc": {
          "start": { "line": 24, "column": 8 },
          "end": { "line": 26, "column": 29 }
        },
        "type": "binary-expr",
        "locations": [
          {
            "start": { "line": 24, "column": 8 },
            "end": { "line": 24, "column": 45 }
          },
          {
            "start": { "line": 25, "column": 8 },
            "end": { "line": 25, "column": 31 }
          },
          {
            "start": { "line": 26, "column": 8 },
            "end": { "line": 26, "column": 29 }
          }
        ],
        "line": 24
      },
      "1": {
        "loc": {
          "start": { "line": 33, "column": 2 },
          "end": { "line": 36, "column": 6 }
        },
        "type": "if",
        "locations": [
          {
            "start": { "line": 33, "column": 2 },
            "end": { "line": 36, "column": 6 }
          },
          {
            "start": { "line": 33, "column": 2 },
            "end": { "line": 36, "column": 6 }
          }
        ],
        "line": 33
      },
      "2": {
        "loc": {
          "start": { "line": 38, "column": 2 },
          "end": { "line": 39, "column": 45 }
        },
        "type": "if",
        "locations": [
          {
            "start": { "line": 38, "column": 2 },
            "end": { "line": 39, "column": 45 }
          },
          {
            "start": { "line": 38, "column": 2 },
            "end": { "line": 39, "column": 45 }
          }
        ],
        "line": 38
      }
    },
    "s": {
      "0": 1,
      "1": 1,
      "2": 2,
      "3": 2,
      "4": 2,
      "5": 2,
      "6": 22,
      "7": 2,
      "8": 2,
      "9": 1,
      "10": 2,
      "11": 1,
      "12": 2,
      "13": 1
    },
    "f": { "0": 2, "1": 2, "2": 22 },
    "b": { "0": [22, 21, 21], "1": [1, 1], "2": [1, 1] },
    "_coverageSchema": "43e27e138ebf9cfc5966b082cf9a028302ed4184",
    "hash": "a0d1df25aa743fa070ce0c8b115add2aab1024a3"
  },
  "/Users/abhishekwagh/Desktop/KonfHub-Projects/talent-board-be/TalentBoard/talentBoard.js": {
    "path": "/Users/abhishekwagh/Desktop/KonfHub-Projects/talent-board-be/TalentBoard/talentBoard.js",
    "statementMap": {
      "0": {
        "start": { "line": 9, "column": 4 },
        "end": { "line": 9, "column": 59 }
      },
      "1": {
        "start": { "line": 10, "column": 33 },
        "end": { "line": 10, "column": 69 }
      },
      "2": {
        "start": { "line": 11, "column": 34 },
        "end": { "line": 11, "column": 63 }
      },
      "3": {
        "start": { "line": 16, "column": 4 },
        "end": { "line": 16, "column": 38 }
      },
      "4": {
        "start": { "line": 21, "column": 4 },
        "end": { "line": 21, "column": 36 }
      },
      "5": {
        "start": { "line": 25, "column": 2 },
        "end": { "line": 25, "column": 45 }
      },
      "6": {
        "start": { "line": 28, "column": 27 },
        "end": { "line": 28, "column": 54 }
      },
      "7": {
        "start": { "line": 29, "column": 2 },
        "end": { "line": 29, "column": 75 }
      },
      "8": {
        "start": { "line": 29, "column": 31 },
        "end": { "line": 29, "column": 75 }
      },
      "9": {
        "start": { "line": 32, "column": 15 },
        "end": { "line": 32, "column": 39 }
      },
      "10": {
        "start": { "line": 33, "column": 22 },
        "end": { "line": 33, "column": 32 }
      },
      "11": {
        "start": { "line": 34, "column": 2 },
        "end": { "line": 34, "column": 52 }
      },
      "12": {
        "start": { "line": 37, "column": 2 },
        "end": { "line": 37, "column": 62 }
      },
      "13": {
        "start": { "line": 38, "column": 2 },
        "end": { "line": 38, "column": 46 }
      },
      "14": {
        "start": { "line": 39, "column": 2 },
        "end": { "line": 39, "column": 53 }
      },
      "15": {
        "start": { "line": 42, "column": 18 },
        "end": { "line": 56, "column": 3 }
      },
      "16": {
        "start": { "line": 59, "column": 22 },
        "end": { "line": 59, "column": 75 }
      },
      "17": {
        "start": { "line": 62, "column": 2 },
        "end": { "line": 73, "column": 7 }
      },
      "18": {
        "start": { "line": 64, "column": 6 },
        "end": { "line": 64, "column": 66 }
      },
      "19": {
        "start": { "line": 67, "column": 6 },
        "end": { "line": 72, "column": 9 }
      },
      "20": {
        "start": { "line": 78, "column": 2 },
        "end": { "line": 78, "column": 47 }
      },
      "21": {
        "start": { "line": 80, "column": 44 },
        "end": { "line": 80, "column": 49 }
      },
      "22": {
        "start": { "line": 82, "column": 19 },
        "end": { "line": 82, "column": 35 }
      },
      "23": {
        "start": { "line": 84, "column": 21 },
        "end": { "line": 84, "column": 23 }
      },
      "24": {
        "start": { "line": 85, "column": 21 },
        "end": { "line": 85, "column": 23 }
      },
      "25": {
        "start": { "line": 88, "column": 2 },
        "end": { "line": 105, "column": 3 }
      },
      "26": {
        "start": { "line": 89, "column": 4 },
        "end": { "line": 89, "column": 50 }
      },
      "27": {
        "start": { "line": 92, "column": 30 },
        "end": { "line": 100, "column": 5 }
      },
      "28": {
        "start": { "line": 102, "column": 4 },
        "end": { "line": 104, "column": 23 }
      },
      "29": {
        "start": { "line": 103, "column": 21 },
        "end": { "line": 103, "column": 69 }
      },
      "30": {
        "start": { "line": 108, "column": 2 },
        "end": { "line": 140, "column": 3 }
      },
      "31": {
        "start": { "line": 109, "column": 35 },
        "end": { "line": 109, "column": 37 }
      },
      "32": {
        "start": { "line": 111, "column": 69 },
        "end": { "line": 111, "column": 77 }
      },
      "33": {
        "start": { "line": 113, "column": 4 },
        "end": { "line": 118, "column": 8 }
      },
      "34": {
        "start": { "line": 114, "column": 6 },
        "end": { "line": 118, "column": 8 }
      },
      "35": {
        "start": { "line": 116, "column": 24 },
        "end": { "line": 116, "column": 63 }
      },
      "36": {
        "start": { "line": 120, "column": 4 },
        "end": { "line": 123, "column": 8 }
      },
      "37": {
        "start": { "line": 121, "column": 6 },
        "end": { "line": 123, "column": 8 }
      },
      "38": {
        "start": { "line": 122, "column": 42 },
        "end": { "line": 122, "column": 50 }
      },
      "39": {
        "start": { "line": 125, "column": 4 },
        "end": { "line": 128, "column": 8 }
      },
      "40": {
        "start": { "line": 126, "column": 6 },
        "end": { "line": 128, "column": 8 }
      },
      "41": {
        "start": { "line": 127, "column": 34 },
        "end": { "line": 127, "column": 42 }
      },
      "42": {
        "start": { "line": 130, "column": 4 },
        "end": { "line": 134, "column": 5 }
      },
      "43": {
        "start": { "line": 131, "column": 6 },
        "end": { "line": 133, "column": 8 }
      },
      "44": {
        "start": { "line": 132, "column": 58 },
        "end": { "line": 132, "column": 66 }
      },
      "45": {
        "start": { "line": 136, "column": 4 },
        "end": { "line": 137, "column": 77 }
      },
      "46": {
        "start": { "line": 137, "column": 6 },
        "end": { "line": 137, "column": 77 }
      },
      "47": {
        "start": { "line": 139, "column": 4 },
        "end": { "line": 139, "column": 56 }
      },
      "48": {
        "start": { "line": 142, "column": 32 },
        "end": { "line": 142, "column": 34 }
      },
      "49": {
        "start": { "line": 144, "column": 2 },
        "end": { "line": 144, "column": 68 }
      },
      "50": {
        "start": { "line": 144, "column": 27 },
        "end": { "line": 144, "column": 68 }
      },
      "51": {
        "start": { "line": 145, "column": 2 },
        "end": { "line": 145, "column": 68 }
      },
      "52": {
        "start": { "line": 145, "column": 27 },
        "end": { "line": 145, "column": 68 }
      },
      "53": {
        "start": { "line": 148, "column": 2 },
        "end": { "line": 148, "column": 80 }
      },
      "54": {
        "start": { "line": 151, "column": 22 },
        "end": { "line": 153, "column": 8 }
      },
      "55": {
        "start": { "line": 156, "column": 18 },
        "end": { "line": 156, "column": 40 }
      },
      "56": {
        "start": { "line": 159, "column": 22 },
        "end": { "line": 159, "column": 45 }
      },
      "57": {
        "start": { "line": 162, "column": 27 },
        "end": { "line": 174, "column": 3 }
      },
      "58": {
        "start": { "line": 177, "column": 16 },
        "end": { "line": 179, "column": 63 }
      },
      "59": {
        "start": { "line": 182, "column": 21 },
        "end": { "line": 182, "column": 90 }
      },
      "60": {
        "start": { "line": 184, "column": 19 },
        "end": { "line": 187, "column": 3 }
      },
      "61": {
        "start": { "line": 189, "column": 2 },
        "end": { "line": 213, "column": 7 }
      },
      "62": {
        "start": { "line": 191, "column": 23 },
        "end": { "line": 191, "column": 34 }
      },
      "63": {
        "start": { "line": 192, "column": 24 },
        "end": { "line": 192, "column": 38 }
      },
      "64": {
        "start": { "line": 195, "column": 28 },
        "end": { "line": 195, "column": 30 }
      },
      "65": {
        "start": { "line": 197, "column": 6 },
        "end": { "line": 199, "column": 8 }
      },
      "66": {
        "start": { "line": 198, "column": 20 },
        "end": { "line": 198, "column": 63 }
      },
      "67": {
        "start": { "line": 201, "column": 6 },
        "end": { "line": 201, "column": 34 }
      },
      "68": {
        "start": { "line": 202, "column": 6 },
        "end": { "line": 202, "column": 40 }
      },
      "69": {
        "start": { "line": 204, "column": 6 },
        "end": { "line": 204, "column": 39 }
      },
      "70": {
        "start": { "line": 207, "column": 6 },
        "end": { "line": 212, "column": 9 }
      },
      "71": {
        "start": { "line": 219, "column": 19 },
        "end": { "line": 219, "column": 76 }
      },
      "72": {
        "start": { "line": 221, "column": 2 },
        "end": { "line": 227, "column": 5 }
      },
      "73": {
        "start": { "line": 222, "column": 19 },
        "end": { "line": 222, "column": 37 }
      },
      "74": {
        "start": { "line": 223, "column": 23 },
        "end": { "line": 223, "column": 41 }
      },
      "75": {
        "start": { "line": 224, "column": 19 },
        "end": { "line": 224, "column": 37 }
      },
      "76": {
        "start": { "line": 226, "column": 4 },
        "end": { "line": 226, "column": 54 }
      },
      "77": {
        "start": { "line": 230, "column": 0 },
        "end": { "line": 234, "column": 2 }
      }
    },
    "fnMap": {
      "0": {
        "name": "addProfile",
        "decl": {
          "start": { "line": 24, "column": 15 },
          "end": { "line": 24, "column": 25 }
        },
        "loc": {
          "start": { "line": 24, "column": 33 },
          "end": { "line": 74, "column": 1 }
        },
        "line": 24
      },
      "1": {
        "name": "(anonymous_1)",
        "decl": {
          "start": { "line": 63, "column": 10 },
          "end": { "line": 63, "column": 11 }
        },
        "loc": {
          "start": { "line": 63, "column": 16 },
          "end": { "line": 65, "column": 5 }
        },
        "line": 63
      },
      "2": {
        "name": "(anonymous_2)",
        "decl": {
          "start": { "line": 66, "column": 11 },
          "end": { "line": 66, "column": 12 }
        },
        "loc": {
          "start": { "line": 66, "column": 18 },
          "end": { "line": 73, "column": 5 }
        },
        "line": 66
      },
      "3": {
        "name": "listProfiles",
        "decl": {
          "start": { "line": 77, "column": 15 },
          "end": { "line": 77, "column": 27 }
        },
        "loc": {
          "start": { "line": 77, "column": 35 },
          "end": { "line": 214, "column": 1 }
        },
        "line": 77
      },
      "4": {
        "name": "(anonymous_4)",
        "decl": {
          "start": { "line": 103, "column": 11 },
          "end": { "line": 103, "column": 12 }
        },
        "loc": {
          "start": { "line": 103, "column": 21 },
          "end": { "line": 103, "column": 69 }
        },
        "line": 103
      },
      "5": {
        "name": "(anonymous_5)",
        "decl": {
          "start": { "line": 116, "column": 15 },
          "end": { "line": 116, "column": 16 }
        },
        "loc": {
          "start": { "line": 116, "column": 24 },
          "end": { "line": 116, "column": 63 }
        },
        "line": 116
      },
      "6": {
        "name": "(anonymous_6)",
        "decl": {
          "start": { "line": 122, "column": 37 },
          "end": { "line": 122, "column": 38 }
        },
        "loc": {
          "start": { "line": 122, "column": 42 },
          "end": { "line": 122, "column": 50 }
        },
        "line": 122
      },
      "7": {
        "name": "(anonymous_7)",
        "decl": {
          "start": { "line": 127, "column": 29 },
          "end": { "line": 127, "column": 30 }
        },
        "loc": {
          "start": { "line": 127, "column": 34 },
          "end": { "line": 127, "column": 42 }
        },
        "line": 127
      },
      "8": {
        "name": "(anonymous_8)",
        "decl": {
          "start": { "line": 132, "column": 53 },
          "end": { "line": 132, "column": 54 }
        },
        "loc": {
          "start": { "line": 132, "column": 58 },
          "end": { "line": 132, "column": 66 }
        },
        "line": 132
      },
      "9": {
        "name": "(anonymous_9)",
        "decl": {
          "start": { "line": 190, "column": 10 },
          "end": { "line": 190, "column": 11 }
        },
        "loc": {
          "start": { "line": 190, "column": 22 },
          "end": { "line": 205, "column": 5 }
        },
        "line": 190
      },
      "10": {
        "name": "(anonymous_10)",
        "decl": {
          "start": { "line": 198, "column": 8 },
          "end": { "line": 198, "column": 9 }
        },
        "loc": {
          "start": { "line": 198, "column": 20 },
          "end": { "line": 198, "column": 63 }
        },
        "line": 198
      },
      "11": {
        "name": "(anonymous_11)",
        "decl": {
          "start": { "line": 206, "column": 11 },
          "end": { "line": 206, "column": 12 }
        },
        "loc": {
          "start": { "line": 206, "column": 20 },
          "end": { "line": 213, "column": 5 }
        },
        "line": 206
      },
      "12": {
        "name": "getFilters",
        "decl": {
          "start": { "line": 217, "column": 15 },
          "end": { "line": 217, "column": 25 }
        },
        "loc": {
          "start": { "line": 217, "column": 28 },
          "end": { "line": 228, "column": 1 }
        },
        "line": 217
      },
      "13": {
        "name": "(anonymous_13)",
        "decl": {
          "start": { "line": 221, "column": 36 },
          "end": { "line": 221, "column": 37 }
        },
        "loc": {
          "start": { "line": 221, "column": 55 },
          "end": { "line": 227, "column": 3 }
        },
        "line": 221
      }
    },
    "branchMap": {
      "0": {
        "loc": {
          "start": { "line": 29, "column": 2 },
          "end": { "line": 29, "column": 75 }
        },
        "type": "if",
        "locations": [
          {
            "start": { "line": 29, "column": 2 },
            "end": { "line": 29, "column": 75 }
          },
          {
            "start": { "line": 29, "column": 2 },
            "end": { "line": 29, "column": 75 }
          }
        ],
        "line": 29
      },
      "1": {
        "loc": {
          "start": { "line": 88, "column": 2 },
          "end": { "line": 105, "column": 3 }
        },
        "type": "if",
        "locations": [
          {
            "start": { "line": 88, "column": 2 },
            "end": { "line": 105, "column": 3 }
          },
          {
            "start": { "line": 88, "column": 2 },
            "end": { "line": 105, "column": 3 }
          }
        ],
        "line": 88
      },
      "2": {
        "loc": {
          "start": { "line": 108, "column": 2 },
          "end": { "line": 140, "column": 3 }
        },
        "type": "if",
        "locations": [
          {
            "start": { "line": 108, "column": 2 },
            "end": { "line": 140, "column": 3 }
          },
          {
            "start": { "line": 108, "column": 2 },
            "end": { "line": 140, "column": 3 }
          }
        ],
        "line": 108
      },
      "3": {
        "loc": {
          "start": { "line": 113, "column": 4 },
          "end": { "line": 118, "column": 8 }
        },
        "type": "if",
        "locations": [
          {
            "start": { "line": 113, "column": 4 },
            "end": { "line": 118, "column": 8 }
          },
          {
            "start": { "line": 113, "column": 4 },
            "end": { "line": 118, "column": 8 }
          }
        ],
        "line": 113
      },
      "4": {
        "loc": {
          "start": { "line": 113, "column": 8 },
          "end": { "line": 113, "column": 31 }
        },
        "type": "binary-expr",
        "locations": [
          {
            "start": { "line": 113, "column": 8 },
            "end": { "line": 113, "column": 14 }
          },
          {
            "start": { "line": 113, "column": 18 },
            "end": { "line": 113, "column": 31 }
          }
        ],
        "line": 113
      },
      "5": {
        "loc": {
          "start": { "line": 120, "column": 4 },
          "end": { "line": 123, "column": 8 }
        },
        "type": "if",
        "locations": [
          {
            "start": { "line": 120, "column": 4 },
            "end": { "line": 123, "column": 8 }
          },
          {
            "start": { "line": 120, "column": 4 },
            "end": { "line": 123, "column": 8 }
          }
        ],
        "line": 120
      },
      "6": {
        "loc": {
          "start": { "line": 120, "column": 8 },
          "end": { "line": 120, "column": 35 }
        },
        "type": "binary-expr",
        "locations": [
          {
            "start": { "line": 120, "column": 8 },
            "end": { "line": 120, "column": 16 }
          },
          {
            "start": { "line": 120, "column": 20 },
            "end": { "line": 120, "column": 35 }
          }
        ],
        "line": 120
      },
      "7": {
        "loc": {
          "start": { "line": 125, "column": 4 },
          "end": { "line": 128, "column": 8 }
        },
        "type": "if",
        "locations": [
          {
            "start": { "line": 125, "column": 4 },
            "end": { "line": 128, "column": 8 }
          },
          {
            "start": { "line": 125, "column": 4 },
            "end": { "line": 128, "column": 8 }
          }
        ],
        "line": 125
      },
      "8": {
        "loc": {
          "start": { "line": 125, "column": 8 },
          "end": { "line": 125, "column": 27 }
        },
        "type": "binary-expr",
        "locations": [
          {
            "start": { "line": 125, "column": 8 },
            "end": { "line": 125, "column": 12 }
          },
          {
            "start": { "line": 125, "column": 16 },
            "end": { "line": 125, "column": 27 }
          }
        ],
        "line": 125
      },
      "9": {
        "loc": {
          "start": { "line": 130, "column": 4 },
          "end": { "line": 134, "column": 5 }
        },
        "type": "if",
        "locations": [
          {
            "start": { "line": 130, "column": 4 },
            "end": { "line": 134, "column": 5 }
          },
          {
            "start": { "line": 130, "column": 4 },
            "end": { "line": 134, "column": 5 }
          }
        ],
        "line": 130
      },
      "10": {
        "loc": {
          "start": { "line": 130, "column": 8 },
          "end": { "line": 130, "column": 51 }
        },
        "type": "binary-expr",
        "locations": [
          {
            "start": { "line": 130, "column": 8 },
            "end": { "line": 130, "column": 24 }
          },
          {
            "start": { "line": 130, "column": 28 },
            "end": { "line": 130, "column": 51 }
          }
        ],
        "line": 130
      },
      "11": {
        "loc": {
          "start": { "line": 136, "column": 4 },
          "end": { "line": 137, "column": 77 }
        },
        "type": "if",
        "locations": [
          {
            "start": { "line": 136, "column": 4 },
            "end": { "line": 137, "column": 77 }
          },
          {
            "start": { "line": 136, "column": 4 },
            "end": { "line": 137, "column": 77 }
          }
        ],
        "line": 136
      },
      "12": {
        "loc": {
          "start": { "line": 136, "column": 8 },
          "end": { "line": 136, "column": 39 }
        },
        "type": "binary-expr",
        "locations": [
          {
            "start": { "line": 136, "column": 8 },
            "end": { "line": 136, "column": 18 }
          },
          {
            "start": { "line": 136, "column": 22 },
            "end": { "line": 136, "column": 39 }
          }
        ],
        "line": 136
      },
      "13": {
        "loc": {
          "start": { "line": 144, "column": 2 },
          "end": { "line": 144, "column": 68 }
        },
        "type": "if",
        "locations": [
          {
            "start": { "line": 144, "column": 2 },
            "end": { "line": 144, "column": 68 }
          },
          {
            "start": { "line": 144, "column": 2 },
            "end": { "line": 144, "column": 68 }
          }
        ],
        "line": 144
      },
      "14": {
        "loc": {
          "start": { "line": 145, "column": 2 },
          "end": { "line": 145, "column": 68 }
        },
        "type": "if",
        "locations": [
          {
            "start": { "line": 145, "column": 2 },
            "end": { "line": 145, "column": 68 }
          },
          {
            "start": { "line": 145, "column": 2 },
            "end": { "line": 145, "column": 68 }
          }
        ],
        "line": 145
      },
      "15": {
        "loc": {
          "start": { "line": 151, "column": 22 },
          "end": { "line": 153, "column": 8 }
        },
        "type": "cond-expr",
        "locations": [
          {
            "start": { "line": 152, "column": 6 },
            "end": { "line": 152, "column": 52 }
          },
          {
            "start": { "line": 153, "column": 6 },
            "end": { "line": 153, "column": 8 }
          }
        ],
        "line": 151
      }
    },
    "s": {
      "0": 1,
      "1": 1,
      "2": 1,
      "3": 1,
      "4": 1,
      "5": 2,
      "6": 2,
      "7": 2,
      "8": 1,
      "9": 1,
      "10": 1,
      "11": 1,
      "12": 1,
      "13": 1,
      "14": 1,
      "15": 1,
      "16": 1,
      "17": 1,
      "18": 1,
      "19": 0,
      "20": 3,
      "21": 3,
      "22": 3,
      "23": 3,
      "24": 3,
      "25": 3,
      "26": 1,
      "27": 1,
      "28": 1,
      "29": 7,
      "30": 3,
      "31": 1,
      "32": 1,
      "33": 1,
      "34": 1,
      "35": 1,
      "36": 1,
      "37": 1,
      "38": 1,
      "39": 1,
      "40": 1,
      "41": 1,
      "42": 1,
      "43": 1,
      "44": 1,
      "45": 1,
      "46": 1,
      "47": 1,
      "48": 3,
      "49": 3,
      "50": 1,
      "51": 3,
      "52": 1,
      "53": 3,
      "54": 3,
      "55": 3,
      "56": 3,
      "57": 3,
      "58": 3,
      "59": 3,
      "60": 3,
      "61": 3,
      "62": 3,
      "63": 3,
      "64": 3,
      "65": 3,
      "66": 40,
      "67": 3,
      "68": 3,
      "69": 3,
      "70": 0,
      "71": 1,
      "72": 1,
      "73": 1,
      "74": 1,
      "75": 1,
      "76": 1,
      "77": 1
    },
    "f": {
      "0": 2,
      "1": 1,
      "2": 0,
      "3": 3,
      "4": 7,
      "5": 1,
      "6": 1,
      "7": 1,
      "8": 1,
      "9": 3,
      "10": 40,
      "11": 0,
      "12": 1,
      "13": 1
    },
    "b": {
      "0": [1, 1],
      "1": [1, 2],
      "2": [1, 2],
      "3": [1, 0],
      "4": [1, 1],
      "5": [1, 0],
      "6": [1, 1],
      "7": [1, 0],
      "8": [1, 1],
      "9": [1, 0],
      "10": [1, 1],
      "11": [1, 0],
      "12": [1, 1],
      "13": [1, 2],
      "14": [1, 2],
      "15": [3, 0]
    },
    "_coverageSchema": "43e27e138ebf9cfc5966b082cf9a028302ed4184",
    "hash": "a00585315c71d450d897aae4b29cd8532e623e4d"
  },
  "/Users/abhishekwagh/Desktop/KonfHub-Projects/talent-board-be/Utils/constants.js": {
    "path": "/Users/abhishekwagh/Desktop/KonfHub-Projects/talent-board-be/Utils/constants.js",
    "statementMap": {
      "0": {
        "start": { "line": 1, "column": 30 },
        "end": { "line": 4, "column": 1 }
      },
      "1": {
        "start": { "line": 6, "column": 0 },
        "end": { "line": 8, "column": 2 }
      }
    },
    "fnMap": {},
    "branchMap": {},
    "s": { "0": 1, "1": 1 },
    "f": {},
    "b": {},
    "_coverageSchema": "43e27e138ebf9cfc5966b082cf9a028302ed4184",
    "hash": "406fb857b970d33e526bf924c70b26a128becc04"
  },
  "/Users/abhishekwagh/Desktop/KonfHub-Projects/talent-board-be/Utils/proxyResponseCodes.js": {
    "path": "/Users/abhishekwagh/Desktop/KonfHub-Projects/talent-board-be/Utils/proxyResponseCodes.js",
    "statementMap": {
      "0": {
        "start": { "line": 1, "column": 18 },
        "end": { "line": 1, "column": 29 }
      },
      "1": {
        "start": { "line": 3, "column": 16 },
        "end": { "line": 6, "column": 1 }
      },
      "2": {
        "start": { "line": 8, "column": 19 },
        "end": { "line": 12, "column": 2 }
      },
      "3": {
        "start": { "line": 8, "column": 42 },
        "end": { "line": 12, "column": 1 }
      },
      "4": {
        "start": { "line": 14, "column": 28 },
        "end": { "line": 18, "column": 2 }
      },
      "5": {
        "start": { "line": 14, "column": 66 },
        "end": { "line": 18, "column": 1 }
      },
      "6": {
        "start": { "line": 20, "column": 25 },
        "end": { "line": 24, "column": 2 }
      },
      "7": {
        "start": { "line": 20, "column": 69 },
        "end": { "line": 24, "column": 1 }
      },
      "8": {
        "start": { "line": 26, "column": 23 },
        "end": { "line": 30, "column": 2 }
      },
      "9": {
        "start": { "line": 26, "column": 74 },
        "end": { "line": 30, "column": 1 }
      },
      "10": {
        "start": { "line": 32, "column": 23 },
        "end": { "line": 36, "column": 2 }
      },
      "11": {
        "start": { "line": 32, "column": 56 },
        "end": { "line": 36, "column": 1 }
      },
      "12": {
        "start": { "line": 38, "column": 23 },
        "end": { "line": 42, "column": 2 }
      },
      "13": {
        "start": { "line": 38, "column": 32 },
        "end": { "line": 42, "column": 1 }
      },
      "14": {
        "start": { "line": 44, "column": 27 },
        "end": { "line": 48, "column": 2 }
      },
      "15": {
        "start": { "line": 44, "column": 36 },
        "end": { "line": 48, "column": 1 }
      },
      "16": {
        "start": { "line": 50, "column": 26 },
        "end": { "line": 54, "column": 2 }
      },
      "17": {
        "start": { "line": 50, "column": 55 },
        "end": { "line": 54, "column": 1 }
      },
      "18": {
        "start": { "line": 56, "column": 25 },
        "end": { "line": 60, "column": 2 }
      },
      "19": {
        "start": { "line": 56, "column": 50 },
        "end": { "line": 60, "column": 1 }
      },
      "20": {
        "start": { "line": 62, "column": 33 },
        "end": { "line": 66, "column": 2 }
      },
      "21": {
        "start": { "line": 62, "column": 42 },
        "end": { "line": 66, "column": 1 }
      },
      "22": {
        "start": { "line": 68, "column": 0 },
        "end": { "line": 79, "column": 2 }
      }
    },
    "fnMap": {
      "0": {
        "name": "(anonymous_0)",
        "decl": {
          "start": { "line": 8, "column": 19 },
          "end": { "line": 8, "column": 20 }
        },
        "loc": {
          "start": { "line": 8, "column": 42 },
          "end": { "line": 12, "column": 1 }
        },
        "line": 8
      },
      "1": {
        "name": "(anonymous_1)",
        "decl": {
          "start": { "line": 14, "column": 28 },
          "end": { "line": 14, "column": 29 }
        },
        "loc": {
          "start": { "line": 14, "column": 66 },
          "end": { "line": 18, "column": 1 }
        },
        "line": 14
      },
      "2": {
        "name": "(anonymous_2)",
        "decl": {
          "start": { "line": 20, "column": 25 },
          "end": { "line": 20, "column": 26 }
        },
        "loc": {
          "start": { "line": 20, "column": 69 },
          "end": { "line": 24, "column": 1 }
        },
        "line": 20
      },
      "3": {
        "name": "(anonymous_3)",
        "decl": {
          "start": { "line": 26, "column": 23 },
          "end": { "line": 26, "column": 24 }
        },
        "loc": {
          "start": { "line": 26, "column": 74 },
          "end": { "line": 30, "column": 1 }
        },
        "line": 26
      },
      "4": {
        "name": "(anonymous_4)",
        "decl": {
          "start": { "line": 32, "column": 23 },
          "end": { "line": 32, "column": 24 }
        },
        "loc": {
          "start": { "line": 32, "column": 56 },
          "end": { "line": 36, "column": 1 }
        },
        "line": 32
      },
      "5": {
        "name": "(anonymous_5)",
        "decl": {
          "start": { "line": 38, "column": 23 },
          "end": { "line": 38, "column": 24 }
        },
        "loc": {
          "start": { "line": 38, "column": 32 },
          "end": { "line": 42, "column": 1 }
        },
        "line": 38
      },
      "6": {
        "name": "(anonymous_6)",
        "decl": {
          "start": { "line": 44, "column": 27 },
          "end": { "line": 44, "column": 28 }
        },
        "loc": {
          "start": { "line": 44, "column": 36 },
          "end": { "line": 48, "column": 1 }
        },
        "line": 44
      },
      "7": {
        "name": "(anonymous_7)",
        "decl": {
          "start": { "line": 50, "column": 26 },
          "end": { "line": 50, "column": 27 }
        },
        "loc": {
          "start": { "line": 50, "column": 55 },
          "end": { "line": 54, "column": 1 }
        },
        "line": 50
      },
      "8": {
        "name": "(anonymous_8)",
        "decl": {
          "start": { "line": 56, "column": 25 },
          "end": { "line": 56, "column": 26 }
        },
        "loc": {
          "start": { "line": 56, "column": 50 },
          "end": { "line": 60, "column": 1 }
        },
        "line": 56
      },
      "9": {
        "name": "(anonymous_9)",
        "decl": {
          "start": { "line": 62, "column": 33 },
          "end": { "line": 62, "column": 34 }
        },
        "loc": {
          "start": { "line": 62, "column": 42 },
          "end": { "line": 66, "column": 1 }
        },
        "line": 62
      }
    },
    "branchMap": {
      "0": {
        "loc": {
          "start": { "line": 8, "column": 20 },
          "end": { "line": 8, "column": 36 }
        },
        "type": "default-arg",
        "locations": [
          {
            "start": { "line": 8, "column": 27 },
            "end": { "line": 8, "column": 36 }
          }
        ],
        "line": 8
      },
      "1": {
        "loc": {
          "start": { "line": 14, "column": 29 },
          "end": { "line": 14, "column": 60 }
        },
        "type": "default-arg",
        "locations": [
          {
            "start": { "line": 14, "column": 37 },
            "end": { "line": 14, "column": 60 }
          }
        ],
        "line": 14
      },
      "2": {
        "loc": {
          "start": { "line": 16, "column": 8 },
          "end": { "line": 16, "column": 74 }
        },
        "type": "cond-expr",
        "locations": [
          {
            "start": { "line": 16, "column": 27 },
            "end": { "line": 16, "column": 50 }
          },
          {
            "start": { "line": 16, "column": 53 },
            "end": { "line": 16, "column": 74 }
          }
        ],
        "line": 16
      },
      "3": {
        "loc": {
          "start": { "line": 20, "column": 26 },
          "end": { "line": 20, "column": 63 }
        },
        "type": "default-arg",
        "locations": [
          {
            "start": { "line": 20, "column": 33 },
            "end": { "line": 20, "column": 63 }
          }
        ],
        "line": 20
      },
      "4": {
        "loc": {
          "start": { "line": 26, "column": 24 },
          "end": { "line": 26, "column": 68 }
        },
        "type": "default-arg",
        "locations": [
          {
            "start": { "line": 26, "column": 31 },
            "end": { "line": 26, "column": 68 }
          }
        ],
        "line": 26
      },
      "5": {
        "loc": {
          "start": { "line": 32, "column": 24 },
          "end": { "line": 32, "column": 50 }
        },
        "type": "default-arg",
        "locations": [
          {
            "start": { "line": 32, "column": 31 },
            "end": { "line": 32, "column": 50 }
          }
        ],
        "line": 32
      },
      "6": {
        "loc": {
          "start": { "line": 50, "column": 27 },
          "end": { "line": 50, "column": 49 }
        },
        "type": "default-arg",
        "locations": [
          {
            "start": { "line": 50, "column": 34 },
            "end": { "line": 50, "column": 49 }
          }
        ],
        "line": 50
      },
      "7": {
        "loc": {
          "start": { "line": 56, "column": 26 },
          "end": { "line": 56, "column": 44 }
        },
        "type": "default-arg",
        "locations": [
          {
            "start": { "line": 56, "column": 33 },
            "end": { "line": 56, "column": 44 }
          }
        ],
        "line": 56
      }
    },
    "s": {
      "0": 1,
      "1": 1,
      "2": 1,
      "3": 4,
      "4": 1,
      "5": 0,
      "6": 1,
      "7": 0,
      "8": 1,
      "9": 1,
      "10": 1,
      "11": 0,
      "12": 1,
      "13": 0,
      "14": 1,
      "15": 1,
      "16": 1,
      "17": 0,
      "18": 1,
      "19": 0,
      "20": 1,
      "21": 0,
      "22": 1
    },
    "f": {
      "0": 4,
      "1": 0,
      "2": 0,
      "3": 1,
      "4": 0,
      "5": 0,
      "6": 1,
      "7": 0,
      "8": 0,
      "9": 0
    },
    "b": {
      "0": [0],
      "1": [0],
      "2": [0, 0],
      "3": [0],
      "4": [0],
      "5": [0],
      "6": [0],
      "7": [0]
    },
    "_coverageSchema": "43e27e138ebf9cfc5966b082cf9a028302ed4184",
    "hash": "bdd2c02338dc990d1d02398adeee1f23fc3e9bf4"
  },
  "/Users/abhishekwagh/Desktop/KonfHub-Projects/talent-board-be/Utils/DB/DBConnection.js": {
    "path": "/Users/abhishekwagh/Desktop/KonfHub-Projects/talent-board-be/Utils/DB/DBConnection.js",
    "statementMap": {
      "0": {
        "start": { "line": 1, "column": 53 },
        "end": { "line": 1, "column": 64 }
      },
      "1": {
        "start": { "line": 3, "column": 17 },
        "end": { "line": 8, "column": 2 }
      },
      "2": {
        "start": { "line": 10, "column": 0 },
        "end": { "line": 12, "column": 2 }
      }
    },
    "fnMap": {},
    "branchMap": {},
    "s": { "0": 1, "1": 1, "2": 1 },
    "f": {},
    "b": {},
    "_coverageSchema": "43e27e138ebf9cfc5966b082cf9a028302ed4184",
    "hash": "c7a56b3434bc77e71c1091dfd7cc6457f8d0a252"
  },
  "/Users/abhishekwagh/Desktop/KonfHub-Projects/talent-board-be/Utils/DB/query-utils.js": {
    "path": "/Users/abhishekwagh/Desktop/KonfHub-Projects/talent-board-be/Utils/DB/query-utils.js",
    "statementMap": {
      "0": {
        "start": { "line": 3, "column": 21 },
        "end": { "line": 3, "column": 46 }
      },
      "1": {
        "start": { "line": 6, "column": 21 },
        "end": { "line": 12, "column": 1 }
      },
      "2": {
        "start": { "line": 7, "column": 2 },
        "end": { "line": 7, "column": 38 }
      },
      "3": {
        "start": { "line": 8, "column": 2 },
        "end": { "line": 11, "column": 57 }
      },
      "4": {
        "start": { "line": 11, "column": 18 },
        "end": { "line": 11, "column": 54 }
      },
      "5": {
        "start": { "line": 15, "column": 23 },
        "end": { "line": 17, "column": 64 }
      },
      "6": {
        "start": { "line": 15, "column": 51 },
        "end": { "line": 17, "column": 64 }
      },
      "7": {
        "start": { "line": 17, "column": 36 },
        "end": { "line": 17, "column": 49 }
      },
      "8": {
        "start": { "line": 20, "column": 23 },
        "end": { "line": 29, "column": 38 }
      },
      "9": {
        "start": { "line": 27, "column": 2 },
        "end": { "line": 29, "column": 38 }
      },
      "10": {
        "start": { "line": 32, "column": 23 },
        "end": { "line": 39, "column": 1 }
      },
      "11": {
        "start": { "line": 33, "column": 23 },
        "end": { "line": 35, "column": 14 }
      },
      "12": {
        "start": { "line": 34, "column": 16 },
        "end": { "line": 34, "column": 34 }
      },
      "13": {
        "start": { "line": 36, "column": 2 },
        "end": { "line": 38, "column": 5 }
      },
      "14": {
        "start": { "line": 42, "column": 25 },
        "end": { "line": 46, "column": 1 }
      },
      "15": {
        "start": { "line": 43, "column": 24 },
        "end": { "line": 43, "column": 66 }
      },
      "16": {
        "start": { "line": 44, "column": 24 },
        "end": { "line": 44, "column": 74 }
      },
      "17": {
        "start": { "line": 45, "column": 2 },
        "end": { "line": 45, "column": 23 }
      },
      "18": {
        "start": { "line": 48, "column": 0 },
        "end": { "line": 54, "column": 2 }
      }
    },
    "fnMap": {
      "0": {
        "name": "(anonymous_0)",
        "decl": {
          "start": { "line": 6, "column": 21 },
          "end": { "line": 6, "column": 22 }
        },
        "loc": {
          "start": { "line": 6, "column": 53 },
          "end": { "line": 12, "column": 1 }
        },
        "line": 6
      },
      "1": {
        "name": "(anonymous_1)",
        "decl": {
          "start": { "line": 11, "column": 10 },
          "end": { "line": 11, "column": 11 }
        },
        "loc": {
          "start": { "line": 11, "column": 18 },
          "end": { "line": 11, "column": 54 }
        },
        "line": 11
      },
      "2": {
        "name": "(anonymous_2)",
        "decl": {
          "start": { "line": 15, "column": 23 },
          "end": { "line": 15, "column": 24 }
        },
        "loc": {
          "start": { "line": 15, "column": 51 },
          "end": { "line": 17, "column": 64 }
        },
        "line": 15
      },
      "3": {
        "name": "(anonymous_3)",
        "decl": {
          "start": { "line": 17, "column": 31 },
          "end": { "line": 17, "column": 32 }
        },
        "loc": {
          "start": { "line": 17, "column": 36 },
          "end": { "line": 17, "column": 49 }
        },
        "line": 17
      },
      "4": {
        "name": "(anonymous_4)",
        "decl": {
          "start": { "line": 20, "column": 23 },
          "end": { "line": 20, "column": 24 }
        },
        "loc": {
          "start": { "line": 27, "column": 2 },
          "end": { "line": 29, "column": 38 }
        },
        "line": 27
      },
      "5": {
        "name": "(anonymous_5)",
        "decl": {
          "start": { "line": 32, "column": 23 },
          "end": { "line": 32, "column": 24 }
        },
        "loc": {
          "start": { "line": 32, "column": 67 },
          "end": { "line": 39, "column": 1 }
        },
        "line": 32
      },
      "6": {
        "name": "(anonymous_6)",
        "decl": {
          "start": { "line": 34, "column": 9 },
          "end": { "line": 34, "column": 10 }
        },
        "loc": {
          "start": { "line": 34, "column": 16 },
          "end": { "line": 34, "column": 34 }
        },
        "line": 34
      },
      "7": {
        "name": "(anonymous_7)",
        "decl": {
          "start": { "line": 42, "column": 25 },
          "end": { "line": 42, "column": 26 }
        },
        "loc": {
          "start": { "line": 42, "column": 38 },
          "end": { "line": 46, "column": 1 }
        },
        "line": 42
      }
    },
    "branchMap": {
      "0": {
        "loc": {
          "start": { "line": 6, "column": 22 },
          "end": { "line": 6, "column": 30 }
        },
        "type": "default-arg",
        "locations": [
          {
            "start": { "line": 6, "column": 28 },
            "end": { "line": 6, "column": 30 }
          }
        ],
        "line": 6
      },
      "1": {
        "loc": {
          "start": { "line": 6, "column": 32 },
          "end": { "line": 6, "column": 48 }
        },
        "type": "default-arg",
        "locations": [
          {
            "start": { "line": 6, "column": 46 },
            "end": { "line": 6, "column": 48 }
          }
        ],
        "line": 6
      },
      "2": {
        "loc": {
          "start": { "line": 11, "column": 18 },
          "end": { "line": 11, "column": 54 }
        },
        "type": "cond-expr",
        "locations": [
          {
            "start": { "line": 11, "column": 37 },
            "end": { "line": 11, "column": 48 }
          },
          {
            "start": { "line": 11, "column": 51 },
            "end": { "line": 11, "column": 54 }
          }
        ],
        "line": 11
      },
      "3": {
        "loc": {
          "start": { "line": 22, "column": 2 },
          "end": { "line": 22, "column": 17 }
        },
        "type": "default-arg",
        "locations": [
          {
            "start": { "line": 22, "column": 12 },
            "end": { "line": 22, "column": 17 }
          }
        ],
        "line": 22
      },
      "4": {
        "loc": {
          "start": { "line": 23, "column": 2 },
          "end": { "line": 23, "column": 20 }
        },
        "type": "default-arg",
        "locations": [
          {
            "start": { "line": 23, "column": 16 },
            "end": { "line": 23, "column": 20 }
          }
        ],
        "line": 23
      },
      "5": {
        "loc": {
          "start": { "line": 24, "column": 2 },
          "end": { "line": 24, "column": 20 }
        },
        "type": "default-arg",
        "locations": [
          {
            "start": { "line": 24, "column": 18 },
            "end": { "line": 24, "column": 20 }
          }
        ],
        "line": 24
      },
      "6": {
        "loc": {
          "start": { "line": 25, "column": 2 },
          "end": { "line": 25, "column": 20 }
        },
        "type": "default-arg",
        "locations": [
          {
            "start": { "line": 25, "column": 18 },
            "end": { "line": 25, "column": 20 }
          }
        ],
        "line": 25
      },
      "7": {
        "loc": {
          "start": { "line": 28, "column": 4 },
          "end": { "line": 28, "column": 45 }
        },
        "type": "cond-expr",
        "locations": [
          {
            "start": { "line": 28, "column": 18 },
            "end": { "line": 28, "column": 40 }
          },
          {
            "start": { "line": 28, "column": 43 },
            "end": { "line": 28, "column": 45 }
          }
        ],
        "line": 28
      },
      "8": {
        "loc": {
          "start": { "line": 32, "column": 44 },
          "end": { "line": 32, "column": 62 }
        },
        "type": "default-arg",
        "locations": [
          {
            "start": { "line": 32, "column": 58 },
            "end": { "line": 32, "column": 62 }
          }
        ],
        "line": 32
      },
      "9": {
        "loc": {
          "start": { "line": 37, "column": 4 },
          "end": { "line": 37, "column": 45 }
        },
        "type": "cond-expr",
        "locations": [
          {
            "start": { "line": 37, "column": 18 },
            "end": { "line": 37, "column": 40 }
          },
          {
            "start": { "line": 37, "column": 43 },
            "end": { "line": 37, "column": 45 }
          }
        ],
        "line": 37
      },
      "10": {
        "loc": {
          "start": { "line": 43, "column": 24 },
          "end": { "line": 43, "column": 66 }
        },
        "type": "cond-expr",
        "locations": [
          {
            "start": { "line": 43, "column": 52 },
            "end": { "line": 43, "column": 58 }
          },
          {
            "start": { "line": 43, "column": 61 },
            "end": { "line": 43, "column": 66 }
          }
        ],
        "line": 43
      }
    },
    "s": {
      "0": 1,
      "1": 1,
      "2": 10,
      "3": 10,
      "4": 10,
      "5": 1,
      "6": 1,
      "7": 13,
      "8": 1,
      "9": 3,
      "10": 1,
      "11": 0,
      "12": 0,
      "13": 0,
      "14": 1,
      "15": 5,
      "16": 5,
      "17": 5,
      "18": 1
    },
    "f": { "0": 10, "1": 10, "2": 1, "3": 13, "4": 3, "5": 0, "6": 0, "7": 5 },
    "b": {
      "0": [0],
      "1": [6],
      "2": [9, 1],
      "3": [0],
      "4": [3],
      "5": [1],
      "6": [3],
      "7": [0, 3],
      "8": [0],
      "9": [0, 0],
      "10": [0, 5]
    },
    "_coverageSchema": "43e27e138ebf9cfc5966b082cf9a028302ed4184",
    "hash": "5aeab517d02de0b5dd19b50d6fe7c87a2d8cfb30"
  }
}
