TN:
SF:/Users/abhishekwagh/Desktop/KonfHub-Projects/talent-board-be/TalentBoard/industries.js
FNF:0
FNH:0
DA:1,1
DA:151,1
LF:2
LH:2
BRF:0
BRH:0
end_of_record
TN:
SF:/Users/abhishekwagh/Desktop/KonfHub-Projects/talent-board-be/TalentBoard/talentBoard-helpers.js
FN:8,(anonymous_0)
FN:14,(anonymous_1)
FN:15,(anonymous_2)
FN:20,(anonymous_3)
FN:26,(anonymous_4)
FN:27,(anonymous_5)
FN:35,(anonymous_6)
FN:40,(anonymous_7)
FN:42,(anonymous_8)
FNF:9
FNH:9
FNDA:1,(anonymous_0)
FNDA:1,(anonymous_1)
FNDA:10,(anonymous_2)
FNDA:1,(anonymous_3)
FNDA:1,(anonymous_4)
FNDA:16,(anonymous_5)
FNDA:1,(anonymous_6)
FNDA:1,(anonymous_7)
FNDA:181,(anonymous_8)
DA:5,1
DA:8,1
DA:9,1
DA:14,1
DA:15,10
DA:20,1
DA:21,1
DA:26,1
DA:27,16
DA:35,1
DA:36,1
DA:40,1
DA:42,181
DA:46,1
LF:14
LH:14
BRF:0
BRH:0
end_of_record
TN:
SF:/Users/abhishekwagh/Desktop/KonfHub-Projects/talent-board-be/TalentBoard/talentBoard-validations.js
FN:3,(anonymous_0)
FN:18,(anonymous_1)
FN:23,(anonymous_2)
FNF:3
FNH:3
FNDA:2,(anonymous_0)
FNDA:2,(anonymous_1)
FNDA:22,(anonymous_2)
DA:1,1
DA:3,1
DA:4,2
DA:5,2
DA:18,2
DA:22,2
DA:24,22
DA:28,2
DA:33,2
DA:34,1
DA:38,2
DA:39,1
DA:41,2
DA:44,1
LF:14
LH:14
BRDA:24,0,0,22
BRDA:24,0,1,21
BRDA:24,0,2,21
BRDA:33,1,0,1
BRDA:33,1,1,1
BRDA:38,2,0,1
BRDA:38,2,1,1
BRF:7
BRH:7
end_of_record
TN:
SF:/Users/abhishekwagh/Desktop/KonfHub-Projects/talent-board-be/TalentBoard/talentBoard.js
FN:24,addProfile
FN:63,(anonymous_1)
FN:66,(anonymous_2)
FN:77,listProfiles
FN:103,(anonymous_4)
FN:116,(anonymous_5)
FN:122,(anonymous_6)
FN:127,(anonymous_7)
FN:132,(anonymous_8)
FN:190,(anonymous_9)
FN:198,(anonymous_10)
FN:206,(anonymous_11)
FN:217,getFilters
FN:221,(anonymous_13)
FNF:14
FNH:12
FNDA:2,addProfile
FNDA:1,(anonymous_1)
FNDA:0,(anonymous_2)
FNDA:3,listProfiles
FNDA:7,(anonymous_4)
FNDA:1,(anonymous_5)
FNDA:1,(anonymous_6)
FNDA:1,(anonymous_7)
FNDA:1,(anonymous_8)
FNDA:3,(anonymous_9)
FNDA:40,(anonymous_10)
FNDA:0,(anonymous_11)
FNDA:1,getFilters
FNDA:1,(anonymous_13)
DA:9,1
DA:10,1
DA:11,1
DA:16,1
DA:21,1
DA:25,2
DA:28,2
DA:29,2
DA:32,1
DA:33,1
DA:34,1
DA:37,1
DA:38,1
DA:39,1
DA:42,1
DA:59,1
DA:62,1
DA:64,1
DA:67,0
DA:78,3
DA:80,3
DA:82,3
DA:84,3
DA:85,3
DA:88,3
DA:89,1
DA:92,1
DA:102,1
DA:103,7
DA:108,3
DA:109,1
DA:111,1
DA:113,1
DA:114,1
DA:116,1
DA:120,1
DA:121,1
DA:122,1
DA:125,1
DA:126,1
DA:127,1
DA:130,1
DA:131,1
DA:132,1
DA:136,1
DA:137,1
DA:139,1
DA:142,3
DA:144,3
DA:145,3
DA:148,3
DA:151,3
DA:156,3
DA:159,3
DA:162,3
DA:177,3
DA:182,3
DA:184,3
DA:189,3
DA:191,3
DA:192,3
DA:195,3
DA:197,3
DA:198,40
DA:201,3
DA:202,3
DA:204,3
DA:207,0
DA:219,1
DA:221,1
DA:222,1
DA:223,1
DA:224,1
DA:226,1
DA:230,1
LF:75
LH:73
BRDA:29,0,0,1
BRDA:29,0,1,1
BRDA:88,1,0,1
BRDA:88,1,1,2
BRDA:108,2,0,1
BRDA:108,2,1,2
BRDA:113,3,0,1
BRDA:113,3,1,0
BRDA:113,4,0,1
BRDA:113,4,1,1
BRDA:120,5,0,1
BRDA:120,5,1,0
BRDA:120,6,0,1
BRDA:120,6,1,1
BRDA:125,7,0,1
BRDA:125,7,1,0
BRDA:125,8,0,1
BRDA:125,8,1,1
BRDA:130,9,0,1
BRDA:130,9,1,0
BRDA:130,10,0,1
BRDA:130,10,1,1
BRDA:136,11,0,1
BRDA:136,11,1,0
BRDA:136,12,0,1
BRDA:136,12,1,1
BRDA:144,13,0,1
BRDA:144,13,1,2
BRDA:145,14,0,1
BRDA:145,14,1,2
BRDA:151,15,0,3
BRDA:151,15,1,0
BRF:32
BRH:26
end_of_record
TN:
SF:/Users/abhishekwagh/Desktop/KonfHub-Projects/talent-board-be/Utils/constants.js
FNF:0
FNH:0
DA:1,1
DA:6,1
LF:2
LH:2
BRF:0
BRH:0
end_of_record
TN:
SF:/Users/abhishekwagh/Desktop/KonfHub-Projects/talent-board-be/Utils/proxyResponseCodes.js
FN:8,(anonymous_0)
FN:14,(anonymous_1)
FN:20,(anonymous_2)
FN:26,(anonymous_3)
FN:32,(anonymous_4)
FN:38,(anonymous_5)
FN:44,(anonymous_6)
FN:50,(anonymous_7)
FN:56,(anonymous_8)
FN:62,(anonymous_9)
FNF:10
FNH:3
FNDA:4,(anonymous_0)
FNDA:0,(anonymous_1)
FNDA:0,(anonymous_2)
FNDA:1,(anonymous_3)
FNDA:0,(anonymous_4)
FNDA:0,(anonymous_5)
FNDA:1,(anonymous_6)
FNDA:0,(anonymous_7)
FNDA:0,(anonymous_8)
FNDA:0,(anonymous_9)
DA:1,1
DA:3,1
DA:8,4
DA:14,1
DA:20,1
DA:26,1
DA:32,1
DA:38,1
DA:44,1
DA:50,1
DA:56,1
DA:62,1
DA:68,1
LF:13
LH:13
BRDA:8,0,0,0
BRDA:14,1,0,0
BRDA:16,2,0,0
BRDA:16,2,1,0
BRDA:20,3,0,0
BRDA:26,4,0,0
BRDA:32,5,0,0
BRDA:50,6,0,0
BRDA:56,7,0,0
BRF:9
BRH:0
end_of_record
TN:
SF:/Users/abhishekwagh/Desktop/KonfHub-Projects/talent-board-be/Utils/DB/DBConnection.js
FNF:0
FNH:0
DA:1,1
DA:3,1
DA:10,1
LF:3
LH:3
BRF:0
BRH:0
end_of_record
TN:
SF:/Users/abhishekwagh/Desktop/KonfHub-Projects/talent-board-be/Utils/DB/query-utils.js
FN:6,(anonymous_0)
FN:11,(anonymous_1)
FN:15,(anonymous_2)
FN:17,(anonymous_3)
FN:20,(anonymous_4)
FN:32,(anonymous_5)
FN:34,(anonymous_6)
FN:42,(anonymous_7)
FNF:8
FNH:6
FNDA:10,(anonymous_0)
FNDA:10,(anonymous_1)
FNDA:1,(anonymous_2)
FNDA:13,(anonymous_3)
FNDA:3,(anonymous_4)
FNDA:0,(anonymous_5)
FNDA:0,(anonymous_6)
FNDA:5,(anonymous_7)
DA:3,1
DA:6,1
DA:7,10
DA:8,10
DA:11,10
DA:15,1
DA:17,13
DA:20,1
DA:27,3
DA:32,1
DA:33,0
DA:34,0
DA:36,0
DA:42,1
DA:43,5
DA:44,5
DA:45,5
DA:48,1
LF:18
LH:15
BRDA:6,0,0,0
BRDA:6,1,0,6
BRDA:11,2,0,9
BRDA:11,2,1,1
BRDA:22,3,0,0
BRDA:23,4,0,3
BRDA:24,5,0,1
BRDA:25,6,0,3
BRDA:28,7,0,0
BRDA:28,7,1,3
BRDA:32,8,0,0
BRDA:37,9,0,0
BRDA:37,9,1,0
BRDA:43,10,0,0
BRDA:43,10,1,5
BRF:15
BRH:8
end_of_record
